# JRE version: Java(TM) SE Runtime Environment (20.0.1+9) (build 20.0.1+9-29)
# Java VM: Java HotSpot(TM) 64-Bit Server VM (20.0.1+9-29, mixed mode, sharing, tiered, compressed oops, compressed class ptrs, g1 gc, windows-amd64)
GC Precious Log:
 CardTable entry size: 512
 Card Set container configuration: InlinePtr #cards 5 size 8 Array Of Cards #cards 12 size 40 Howl #buckets 4 coarsen threshold 1843 Howl Bitmap #cards 512 size 80 coarsen threshold 460 Card regions per heap region 1 cards per card region 2048
 CPUs: 4 total, 4 available
 Memory: 8066M
 Large Page Support: Disabled
 NUMA Support: Disabled
 Compressed Oops: Enabled (32-bit)
 Heap Region Size: 1M
 Heap Min Capacity: 8M
 Heap Initial Capacity: 128M
 Heap Max Capacity: 2018M
 Pre-touch: Disabled
 Parallel Workers: 4
 Concurrent Workers: 1
 Concurrent Refinement Workers: 4
 Periodic GC: Disabled
Heap:
 garbage-first heap   total 58368K, used 27931K [0x0000000081e00000, 0x0000000100000000)
  region size 1024K, 4 young (4096K), 3 survivors (3072K)
 Metaspace       used 60326K, committed 60800K, reserved 1114112K
  class space    used 7856K, committed 8064K, reserved 1048576K
GC Heap History (20 events):
Event: 1.533 GC heap before
{Heap before GC invocations=1 (full 0):
 garbage-first heap   total 131072K, used 18190K [0x0000000081e00000, 0x0000000100000000)
  region size 1024K, 13 young (13312K), 2 survivors (2048K)
 Metaspace       used 6700K, committed 6912K, reserved 1114112K
  class space    used 757K, committed 832K, reserved 1048576K
}
Event: 1.539 GC heap after
{Heap after GC invocations=2 (full 0):
 garbage-first heap   total 131072K, used 8705K [0x0000000081e00000, 0x0000000100000000)
  region size 1024K, 2 young (2048K), 2 survivors (2048K)
 Metaspace       used 6700K, committed 6912K, reserved 1114112K
  class space    used 757K, committed 832K, reserved 1048576K
}
Event: 2.213 GC heap before
{Heap before GC invocations=2 (full 0):
 garbage-first heap   total 131072K, used 32257K [0x0000000081e00000, 0x0000000100000000)
  region size 1024K, 26 young (26624K), 2 survivors (2048K)
 Metaspace       used 13713K, committed 14016K, reserved 1114112K
  class space    used 1617K, committed 1728K, reserved 1048576K
}
Event: 2.218 GC heap after
{Heap after GC invocations=3 (full 0):
 garbage-first heap   total 131072K, used 10072K [0x0000000081e00000, 0x0000000100000000)
  region size 1024K, 3 young (3072K), 3 survivors (3072K)
 Metaspace       used 13713K, committed 14016K, reserved 1114112K
  class space    used 1617K, committed 1728K, reserved 1048576K
}
Event: 4.080 GC heap before
{Heap before GC invocations=3 (full 0):
 garbage-first heap   total 131072K, used 55128K [0x0000000081e00000, 0x0000000100000000)
  region size 1024K, 49 young (50176K), 3 survivors (3072K)
 Metaspace       used 21236K, committed 21504K, reserved 1114112K
  class space    used 2565K, committed 2688K, reserved 1048576K
}
Event: 4.093 GC heap after
{Heap after GC invocations=4 (full 0):
 garbage-first heap   total 131072K, used 13094K [0x0000000081e00000, 0x0000000100000000)
  region size 1024K, 6 young (6144K), 6 survivors (6144K)
 Metaspace       used 21236K, committed 21504K, reserved 1114112K
  class space    used 2565K, committed 2688K, reserved 1048576K
}
Event: 6.028 GC heap before
{Heap before GC invocations=5 (full 0):
 garbage-first heap   total 48128K, used 35622K [0x0000000081e00000, 0x0000000100000000)
  region size 1024K, 28 young (28672K), 6 survivors (6144K)
 Metaspace       used 26521K, committed 26816K, reserved 1114112K
  class space    used 3262K, committed 3392K, reserved 1048576K
}
Event: 6.054 GC heap after
{Heap after GC invocations=6 (full 0):
 garbage-first heap   total 48128K, used 16437K [0x0000000081e00000, 0x0000000100000000)
  region size 1024K, 4 young (4096K), 4 survivors (4096K)
 Metaspace       used 26521K, committed 26816K, reserved 1114112K
  class space    used 3262K, committed 3392K, reserved 1048576K
}
Event: 6.915 GC heap before
{Heap before GC invocations=6 (full 0):
 garbage-first heap   total 48128K, used 35893K [0x0000000081e00000, 0x0000000100000000)
  region size 1024K, 24 young (24576K), 4 survivors (4096K)
 Metaspace       used 30343K, committed 30720K, reserved 1114112K
  class space    used 3762K, committed 3904K, reserved 1048576K
}
Event: 6.934 GC heap after
{Heap after GC invocations=7 (full 0):
 garbage-first heap   total 48128K, used 17470K [0x0000000081e00000, 0x0000000100000000)
  region size 1024K, 2 young (2048K), 2 survivors (2048K)
 Metaspace       used 30343K, committed 30720K, reserved 1114112K
  class space    used 3762K, committed 3904K, reserved 1048576K
}
Event: 7.772 GC heap before
{Heap before GC invocations=7 (full 0):
 garbage-first heap   total 48128K, used 32830K [0x0000000081e00000, 0x0000000100000000)
  region size 1024K, 19 young (19456K), 2 survivors (2048K)
 Metaspace       used 35648K, committed 35968K, reserved 1114112K
  class space    used 4566K, committed 4672K, reserved 1048576K
}
Event: 7.781 GC heap after
{Heap after GC invocations=8 (full 0):
 garbage-first heap   total 48128K, used 19174K [0x0000000081e00000, 0x0000000100000000)
  region size 1024K, 2 young (2048K), 2 survivors (2048K)
 Metaspace       used 35648K, committed 35968K, reserved 1114112K
  class space    used 4566K, committed 4672K, reserved 1048576K
}
Event: 9.284 GC heap before
{Heap before GC invocations=9 (full 0):
 garbage-first heap   total 48128K, used 38630K [0x0000000081e00000, 0x0000000100000000)
  region size 1024K, 21 young (21504K), 2 survivors (2048K)
 Metaspace       used 43862K, committed 44224K, reserved 1114112K
  class space    used 5589K, committed 5760K, reserved 1048576K
}
Event: 9.293 GC heap after
{Heap after GC invocations=10 (full 0):
 garbage-first heap   total 48128K, used 21426K [0x0000000081e00000, 0x0000000100000000)
  region size 1024K, 3 young (3072K), 3 survivors (3072K)
 Metaspace       used 43862K, committed 44224K, reserved 1114112K
  class space    used 5589K, committed 5760K, reserved 1048576K
}
Event: 10.180 GC heap before
{Heap before GC invocations=10 (full 0):
 garbage-first heap   total 48128K, used 39858K [0x0000000081e00000, 0x0000000100000000)
  region size 1024K, 22 young (22528K), 3 survivors (3072K)
 Metaspace       used 49643K, committed 50048K, reserved 1114112K
  class space    used 6452K, committed 6656K, reserved 1048576K
}
Event: 10.193 GC heap after
{Heap after GC invocations=11 (full 0):
 garbage-first heap   total 48128K, used 22889K [0x0000000081e00000, 0x0000000100000000)
  region size 1024K, 2 young (2048K), 2 survivors (2048K)
 Metaspace       used 49643K, committed 50048K, reserved 1114112K
  class space    used 6452K, committed 6656K, reserved 1048576K
}
Event: 10.736 GC heap before
{Heap before GC invocations=11 (full 0):
 garbage-first heap   total 48128K, used 41321K [0x0000000081e00000, 0x0000000100000000)
  region size 1024K, 20 young (20480K), 2 survivors (2048K)
 Metaspace       used 52747K, committed 53184K, reserved 1114112K
  class space    used 6837K, committed 7040K, reserved 1048576K
}
Event: 10.744 GC heap after
{Heap after GC invocations=12 (full 0):
 garbage-first heap   total 58368K, used 23907K [0x0000000081e00000, 0x0000000100000000)
  region size 1024K, 3 young (3072K), 3 survivors (3072K)
 Metaspace       used 52747K, committed 53184K, reserved 1114112K
  class space    used 6837K, committed 7040K, reserved 1048576K
}
Event: 11.762 GC heap before
{Heap before GC invocations=12 (full 0):
 garbage-first heap   total 58368K, used 48483K [0x0000000081e00000, 0x0000000100000000)
  region size 1024K, 28 young (28672K), 3 survivors (3072K)
 Metaspace       used 56579K, committed 56960K, reserved 1114112K
  class space    used 7376K, committed 7552K, reserved 1048576K
}
Event: 11.770 GC heap after
{Heap after GC invocations=13 (full 0):
 garbage-first heap   total 58368K, used 26096K [0x0000000081e00000, 0x0000000100000000)
  region size 1024K, 4 young (4096K), 4 survivors (4096K)
 Metaspace       used 56579K, committed 56960K, reserved 1114112K
  class space    used 7376K, committed 7552K, reserved 1048576K
}

